Using pre-set license
Built from '6000.0/staging' branch; Version is '6000.0.23f1 (1c4764c07fb4) revision 1853284'; Using compiler version '193933523'; Build Type 'Release'
OS: 'Windows 11  (10.0.22631) 64bit Professional' Language: 'en' Physical Memory: 16167 MB
BatchMode: 1, IsHumanControllingUs: 0, StartBugReporterOnCrash: 0, Is64bit: 1, IsPro: 1

COMMAND LINE ARGUMENTS:
D:\Development\Game Development\Unity\Unity Engine\6000.0.23f1\Editor\Unity.exe
-adb2
-batchMode
-noUpm
-name
AssetImportWorker2
-projectPath
D:/Development/Game Development/Unity/Unity Projects/3D/Pirate Game/pirate-game/Pirate Game
-logFile
Logs/AssetImportWorker2.log
-srvPort
55601
-job-worker-count
7
-background-job-worker-count
8
-asset-garbage-collectors
1
Successfully changed project path to: D:/Development/Game Development/Unity/Unity Projects/3D/Pirate Game/pirate-game/Pirate Game
D:/Development/Game Development/Unity/Unity Projects/3D/Pirate Game/pirate-game/Pirate Game
[UnityMemory] Configuration Parameters - Can be set up in boot.config
    "memorysetup-bucket-allocator-granularity=16"
    "memorysetup-bucket-allocator-bucket-count=8"
    "memorysetup-bucket-allocator-block-size=33554432"
    "memorysetup-bucket-allocator-block-count=8"
    "memorysetup-main-allocator-block-size=16777216"
    "memorysetup-thread-allocator-block-size=16777216"
    "memorysetup-gfx-main-allocator-block-size=16777216"
    "memorysetup-gfx-thread-allocator-block-size=16777216"
    "memorysetup-cache-allocator-block-size=4194304"
    "memorysetup-typetree-allocator-block-size=2097152"
    "memorysetup-profiler-bucket-allocator-granularity=16"
    "memorysetup-profiler-bucket-allocator-bucket-count=8"
    "memorysetup-profiler-bucket-allocator-block-size=33554432"
    "memorysetup-profiler-bucket-allocator-block-count=8"
    "memorysetup-profiler-allocator-block-size=16777216"
    "memorysetup-profiler-editor-allocator-block-size=1048576"
    "memorysetup-temp-allocator-size-main=16777216"
    "memorysetup-job-temp-allocator-block-size=2097152"
    "memorysetup-job-temp-allocator-block-size-background=1048576"
    "memorysetup-job-temp-allocator-reduction-small-platforms=262144"
    "memorysetup-allocator-temp-initial-block-size-main=262144"
    "memorysetup-allocator-temp-initial-block-size-worker=262144"
    "memorysetup-temp-allocator-size-background-worker=32768"
    "memorysetup-temp-allocator-size-job-worker=262144"
    "memorysetup-temp-allocator-size-preload-manager=33554432"
    "memorysetup-temp-allocator-size-nav-mesh-worker=65536"
    "memorysetup-temp-allocator-size-audio-worker=65536"
    "memorysetup-temp-allocator-size-cloud-worker=32768"
    "memorysetup-temp-allocator-size-gi-baking-worker=262144"
    "memorysetup-temp-allocator-size-gi-baking-worker=262144"
    "memorysetup-temp-allocator-size-gi-baking-worker=262144"
    "memorysetup-temp-allocator-size-gi-baking-worker=262144"
    "memorysetup-temp-allocator-size-gi-baking-worker=262144"
    "memorysetup-temp-allocator-size-gfx=262144"
Player connection [23036]  Target information:

Player connection [23036]  * "[IP] 192.168.0.106 [Port] 0 [Flags] 2 [Guid] 2725592939 [EditorId] 2725592939 [Version] 1048832 [Id] WindowsEditor(7,DESKTOP-57MDSF2) [Debug] 1 [PackageName] WindowsEditor [ProjectName] Editor" 

Player connection [23036] Host joined multi-casting on [225.0.0.222:54997]...
Player connection [23036] Host joined alternative multi-casting on [225.0.0.222:34997]...
JobSystem: Creating JobQueue using job-worker-count value 7
[Physics::Module] Initialized fallback backend.
[Physics::Module] Id: 0xdecafbad
Library Redirect Path: Library/
[Physics::Module] Selected backend.
[Physics::Module] Name: PhysX
[Physics::Module] Id: 0xf2b8ea05
[Physics::Module] SDK Version: 4.1.2
[Physics::Module] Integration Version: 1.0.0
[Physics::Module] Threading Mode: Multi-Threaded
Refreshing native plugins compatible for Editor in 1.25 ms, found 4 plugins.
Preloading 1 native plugins for Editor in 1.66 ms.
Initialize engine version: 6000.0.23f1 (1c4764c07fb4)
[Subsystems] Discovering subsystems at path D:/Development/Game Development/Unity/Unity Engine/6000.0.23f1/Editor/Data/Resources/UnitySubsystems
[Subsystems] Discovering subsystems at path D:/Development/Game Development/Unity/Unity Projects/3D/Pirate Game/pirate-game/Pirate Game/Assets
GfxDevice: creating device client; kGfxThreadingModeNonThreaded
Direct3D:
    Version:  Direct3D 11.0 [level 11.1]
    Renderer: NVIDIA GeForce RTX 3060 Laptop GPU (ID=0x2560)
    Vendor:   NVIDIA
    VRAM:     5996 MB
    Driver:   32.0.15.6081
Initialize mono
Mono path[0] = 'D:/Development/Game Development/Unity/Unity Engine/6000.0.23f1/Editor/Data/Managed'
Mono path[1] = 'D:/Development/Game Development/Unity/Unity Engine/6000.0.23f1/Editor/Data/MonoBleedingEdge/lib/mono/unityjit-win32'
Mono config path = 'D:/Development/Game Development/Unity/Unity Engine/6000.0.23f1/Editor/Data/MonoBleedingEdge/etc'
Using monoOptions --debugger-agent=transport=dt_socket,embedding=1,server=y,suspend=n,address=127.0.0.1:56580
Begin MonoManager ReloadAssembly
Registering precompiled unity dll's ...
Register platform support module: D:/Development/Game Development/Unity/Unity Engine/6000.0.23f1/Editor/Data/PlaybackEngines/WebGLSupport/UnityEditor.WebGL.Extensions.dll
Register platform support module: D:/Development/Game Development/Unity/Unity Engine/6000.0.23f1/Editor/Data/PlaybackEngines/WindowsStandaloneSupport/UnityEditor.WindowsStandalone.Extensions.dll
Registered in 0.001860 seconds.
- Loaded All Assemblies, in  0.374 seconds
Native extension for WindowsStandalone target not found
Native extension for WebGL target not found
Mono: successfully reloaded assembly
- Finished resetting the current domain, in  0.301 seconds
Domain Reload Profiling: 674ms
	BeginReloadAssembly (137ms)
		ExecutionOrderSort (0ms)
		DisableScriptedObjects (0ms)
		BackupInstance (0ms)
		ReleaseScriptingObjects (0ms)
		CreateAndSetChildDomain (1ms)
	RebuildCommonClasses (42ms)
	RebuildNativeTypeToScriptingClass (12ms)
	initialDomainReloadingComplete (45ms)
	LoadAllAssembliesAndSetupDomain (137ms)
		LoadAssemblies (137ms)
		RebuildTransferFunctionScriptingTraits (0ms)
		AnalyzeDomain (135ms)
			TypeCache.Refresh (133ms)
				TypeCache.ScanAssembly (121ms)
			BuildScriptInfoCaches (0ms)
			ResolveRequiredComponents (0ms)
	FinalizeReload (301ms)
		ReleaseScriptCaches (0ms)
		RebuildScriptCaches (0ms)
		SetupLoadedEditorAssemblies (261ms)
			LogAssemblyErrors (0ms)
			InitializePlatformSupportModulesInManaged (25ms)
			SetLoadedEditorAssemblies (5ms)
			BeforeProcessingInitializeOnLoad (6ms)
			ProcessInitializeOnLoadAttributes (173ms)
			ProcessInitializeOnLoadMethodAttributes (50ms)
			AfterProcessingInitializeOnLoad (2ms)
			EditorAssembliesLoaded (0ms)
		ExecutionOrderSort2 (0ms)
		AwakeInstancesAfterBackupRestoration (0ms)
========================================================================
Worker process is ready to serve import requests
Import Worker Mode flag is 0x00
Begin MonoManager ReloadAssembly
- Loaded All Assemblies, in  0.870 seconds
Refreshing native plugins compatible for Editor in 0.70 ms, found 4 plugins.
Native extension for WindowsStandalone target not found
Native extension for WebGL target not found
Mono: successfully reloaded assembly
- Finished resetting the current domain, in  0.699 seconds
Domain Reload Profiling: 1569ms
	BeginReloadAssembly (359ms)
		ExecutionOrderSort (0ms)
		DisableScriptedObjects (5ms)
		BackupInstance (0ms)
		ReleaseScriptingObjects (0ms)
		CreateAndSetChildDomain (29ms)
	RebuildCommonClasses (30ms)
	RebuildNativeTypeToScriptingClass (10ms)
	initialDomainReloadingComplete (29ms)
	LoadAllAssembliesAndSetupDomain (441ms)
		LoadAssemblies (295ms)
		RebuildTransferFunctionScriptingTraits (0ms)
		AnalyzeDomain (234ms)
			TypeCache.Refresh (149ms)
				TypeCache.ScanAssembly (134ms)
			BuildScriptInfoCaches (74ms)
			ResolveRequiredComponents (9ms)
	FinalizeReload (700ms)
		ReleaseScriptCaches (0ms)
		RebuildScriptCaches (0ms)
		SetupLoadedEditorAssemblies (475ms)
			LogAssemblyErrors (0ms)
			InitializePlatformSupportModulesInManaged (3ms)
			SetLoadedEditorAssemblies (3ms)
			BeforeProcessingInitializeOnLoad (50ms)
			ProcessInitializeOnLoadAttributes (353ms)
			ProcessInitializeOnLoadMethodAttributes (62ms)
			AfterProcessingInitializeOnLoad (4ms)
			EditorAssembliesLoaded (0ms)
		ExecutionOrderSort2 (0ms)
		AwakeInstancesAfterBackupRestoration (6ms)
Launched and connected shader compiler UnityShaderCompiler.exe after 0.01 seconds
Refreshing native plugins compatible for Editor in 0.93 ms, found 4 plugins.
Preloading 1 native plugins for Editor in 0.03 ms.
Unloading 199 Unused Serialized files (Serialized files now loaded: 0)
Unloading 5931 unused Assets / (5.0 MB). Loaded Objects now: 6697.
Memory consumption went from 186.2 MB to 181.2 MB.
Total: 9.065200 ms (FindLiveObjects: 0.616300 ms CreateObjectMapping: 0.527300 ms MarkObjects: 4.389100 ms  DeleteObjects: 3.531600 ms)

========================================================================
Received Import Request.
  Time since last request: 272241.518265 seconds.
  path: Assets/Settings/PC_Renderer.asset
  artifactKey: Guid(f288ae1f4751b564a96ac7587541f7a2) Importer(815301076,1909f56bfc062723c751e8b465ee728b)
Start importing Assets/Settings/PC_Renderer.asset using Guid(f288ae1f4751b564a96ac7587541f7a2) Importer(815301076,1909f56bfc062723c751e8b465ee728b) (PreviewImporter) -> (artifact id: 'faab6cc3a0eb7141fe31e2e91fd81ee8') in 0.0210964 seconds
Number of updated asset objects reloaded before import = 0Number of asset objects unloaded after import = 0

========================================================================
Received Import Request.
  Time since last request: 6.184079 seconds.
  path: Assets/Settings/Mobile_Renderer.asset
  artifactKey: Guid(65bc7dbf4170f435aa868c779acfb082) Importer(815301076,1909f56bfc062723c751e8b465ee728b)
Start importing Assets/Settings/Mobile_Renderer.asset using Guid(65bc7dbf4170f435aa868c779acfb082) Importer(815301076,1909f56bfc062723c751e8b465ee728b) (PreviewImporter) -> (artifact id: 'b01f82cef789461f95cdd63e4e03924b') in 0.0015757 seconds
Number of updated asset objects reloaded before import = 0Number of asset objects unloaded after import = 2

========================================================================
Received Import Request.
  Time since last request: 30.478340 seconds.
  path: Assets/Settings/SampleSceneProfile.asset
  artifactKey: Guid(10fc4df2da32a41aaa32d77bc913491c) Importer(815301076,1909f56bfc062723c751e8b465ee728b)
Start importing Assets/Settings/SampleSceneProfile.asset using Guid(10fc4df2da32a41aaa32d77bc913491c) Importer(815301076,1909f56bfc062723c751e8b465ee728b) (PreviewImporter) -> (artifact id: 'b72c935079ba95563e246d02d57d535f') in 0.0009882 seconds
Number of updated asset objects reloaded before import = 0Number of asset objects unloaded after import = 0

========================================================================
Received Import Request.
  Time since last request: 66.434213 seconds.
  path: Assets/Settings/DefaultVolumeProfile.asset
  artifactKey: Guid(ab09877e2e707104187f6f83e2f62510) Importer(2089858483,192608db42251d675da83286b1cce702)
Start importing Assets/Settings/DefaultVolumeProfile.asset using Guid(ab09877e2e707104187f6f83e2f62510) Importer(2089858483,192608db42251d675da83286b1cce702) (ScriptedImporter) -> (artifact id: '7563c5c0ff87fe3adf681ded5f443325') in 0.2157338 seconds
Number of updated asset objects reloaded before import = 22Number of asset objects unloaded after import = 0

========================================================================
Received Import Request.
  Time since last request: 0.000040 seconds.
  path: Assets/Scenes/SampleScene.unity
  artifactKey: Guid(99c9720ab356a0642a771bea13969a05) Importer(2089858483,192608db42251d675da83286b1cce702)
Start importing Assets/Scenes/SampleScene.unity using Guid(99c9720ab356a0642a771bea13969a05) Importer(2089858483,192608db42251d675da83286b1cce702) (ScriptedImporter) -> (artifact id: 'b6b24c3c9fb2caa3aca34a864cd1e8d1') in 0.0188334 seconds
Number of updated asset objects reloaded before import = 0Number of asset objects unloaded after import = 1

========================================================================
Received Import Request.
  Time since last request: 0.000049 seconds.
  path: Assets/Settings/PC_Renderer.asset
  artifactKey: Guid(f288ae1f4751b564a96ac7587541f7a2) Importer(2089858483,192608db42251d675da83286b1cce702)
Start importing Assets/Settings/PC_Renderer.asset using Guid(f288ae1f4751b564a96ac7587541f7a2) Importer(2089858483,192608db42251d675da83286b1cce702) (ScriptedImporter) -> (artifact id: '7e0c34c9a20b00cbe899ee94805acc11') in 0.0627297 seconds
Number of updated asset objects reloaded before import = 0Number of asset objects unloaded after import = 1

========================================================================
Received Prepare
Begin MonoManager ReloadAssembly
- Loaded All Assemblies, in  0.699 seconds
Refreshing native plugins compatible for Editor in 0.75 ms, found 4 plugins.
Native extension for WindowsStandalone target not found
Native extension for WebGL target not found
Mono: successfully reloaded assembly
- Finished resetting the current domain, in  0.789 seconds
Domain Reload Profiling: 1491ms
	BeginReloadAssembly (217ms)
		ExecutionOrderSort (0ms)
		DisableScriptedObjects (6ms)
		BackupInstance (0ms)
		ReleaseScriptingObjects (0ms)
		CreateAndSetChildDomain (79ms)
	RebuildCommonClasses (44ms)
	RebuildNativeTypeToScriptingClass (16ms)
	initialDomainReloadingComplete (27ms)
	LoadAllAssembliesAndSetupDomain (397ms)
		LoadAssemblies (290ms)
		RebuildTransferFunctionScriptingTraits (0ms)
		AnalyzeDomain (199ms)
			TypeCache.Refresh (10ms)
				TypeCache.ScanAssembly (0ms)
			BuildScriptInfoCaches (175ms)
			ResolveRequiredComponents (10ms)
	FinalizeReload (790ms)
		ReleaseScriptCaches (0ms)
		RebuildScriptCaches (0ms)
		SetupLoadedEditorAssemblies (480ms)
			LogAssemblyErrors (0ms)
			InitializePlatformSupportModulesInManaged (3ms)
			SetLoadedEditorAssemblies (3ms)
			BeforeProcessingInitializeOnLoad (60ms)
			ProcessInitializeOnLoadAttributes (359ms)
			ProcessInitializeOnLoadMethodAttributes (48ms)
			AfterProcessingInitializeOnLoad (7ms)
			EditorAssembliesLoaded (0ms)
		ExecutionOrderSort2 (0ms)
		AwakeInstancesAfterBackupRestoration (14ms)
Refreshing native plugins compatible for Editor in 0.90 ms, found 4 plugins.
Preloading 1 native plugins for Editor in 0.03 ms.
Unloading 23 Unused Serialized files (Serialized files now loaded: 0)
Unloading 5930 unused Assets / (4.2 MB). Loaded Objects now: 6714.
Memory consumption went from 168.6 MB to 164.4 MB.
Total: 7.956000 ms (FindLiveObjects: 0.667400 ms CreateObjectMapping: 0.583300 ms MarkObjects: 4.428700 ms  DeleteObjects: 2.275100 ms)

Prepare: number of updated asset objects reloaded= 0
========================================================================
Received Prepare
Begin MonoManager ReloadAssembly
- Loaded All Assemblies, in  0.623 seconds
Refreshing native plugins compatible for Editor in 0.86 ms, found 4 plugins.
Native extension for WindowsStandalone target not found
Native extension for WebGL target not found
Mono: successfully reloaded assembly
- Finished resetting the current domain, in  0.769 seconds
Domain Reload Profiling: 1394ms
	BeginReloadAssembly (182ms)
		ExecutionOrderSort (0ms)
		DisableScriptedObjects (5ms)
		BackupInstance (0ms)
		ReleaseScriptingObjects (0ms)
		CreateAndSetChildDomain (53ms)
	RebuildCommonClasses (33ms)
	RebuildNativeTypeToScriptingClass (11ms)
	initialDomainReloadingComplete (24ms)
	LoadAllAssembliesAndSetupDomain (375ms)
		LoadAssemblies (275ms)
		RebuildTransferFunctionScriptingTraits (0ms)
		AnalyzeDomain (188ms)
			TypeCache.Refresh (7ms)
				TypeCache.ScanAssembly (0ms)
			BuildScriptInfoCaches (168ms)
			ResolveRequiredComponents (9ms)
	FinalizeReload (769ms)
		ReleaseScriptCaches (0ms)
		RebuildScriptCaches (0ms)
		SetupLoadedEditorAssemblies (479ms)
			LogAssemblyErrors (0ms)
			InitializePlatformSupportModulesInManaged (3ms)
			SetLoadedEditorAssemblies (3ms)
			BeforeProcessingInitializeOnLoad (61ms)
			ProcessInitializeOnLoadAttributes (356ms)
			ProcessInitializeOnLoadMethodAttributes (51ms)
			AfterProcessingInitializeOnLoad (5ms)
			EditorAssembliesLoaded (0ms)
		ExecutionOrderSort2 (0ms)
		AwakeInstancesAfterBackupRestoration (14ms)
Refreshing native plugins compatible for Editor in 0.95 ms, found 4 plugins.
Preloading 1 native plugins for Editor in 0.03 ms.
Unloading 14 Unused Serialized files (Serialized files now loaded: 0)
Unloading 5929 unused Assets / (4.1 MB). Loaded Objects now: 6716.
Memory consumption went from 167.0 MB to 162.9 MB.
Total: 10.652900 ms (FindLiveObjects: 0.871500 ms CreateObjectMapping: 0.883800 ms MarkObjects: 5.993000 ms  DeleteObjects: 2.903300 ms)

Prepare: number of updated asset objects reloaded= 0
========================================================================
Received Prepare
Begin MonoManager ReloadAssembly
- Loaded All Assemblies, in  0.631 seconds
Refreshing native plugins compatible for Editor in 0.77 ms, found 4 plugins.
Native extension for WindowsStandalone target not found
Native extension for WebGL target not found
Mono: successfully reloaded assembly
- Finished resetting the current domain, in  0.717 seconds
Domain Reload Profiling: 1351ms
	BeginReloadAssembly (193ms)
		ExecutionOrderSort (0ms)
		DisableScriptedObjects (7ms)
		BackupInstance (0ms)
		ReleaseScriptingObjects (0ms)
		CreateAndSetChildDomain (57ms)
	RebuildCommonClasses (31ms)
	RebuildNativeTypeToScriptingClass (11ms)
	initialDomainReloadingComplete (23ms)
	LoadAllAssembliesAndSetupDomain (375ms)
		LoadAssemblies (274ms)
		RebuildTransferFunctionScriptingTraits (0ms)
		AnalyzeDomain (188ms)
			TypeCache.Refresh (7ms)
				TypeCache.ScanAssembly (0ms)
			BuildScriptInfoCaches (166ms)
			ResolveRequiredComponents (12ms)
	FinalizeReload (717ms)
		ReleaseScriptCaches (0ms)
		RebuildScriptCaches (0ms)
		SetupLoadedEditorAssemblies (456ms)
			LogAssemblyErrors (0ms)
			InitializePlatformSupportModulesInManaged (3ms)
			SetLoadedEditorAssemblies (3ms)
			BeforeProcessingInitializeOnLoad (53ms)
			ProcessInitializeOnLoadAttributes (340ms)
			ProcessInitializeOnLoadMethodAttributes (52ms)
			AfterProcessingInitializeOnLoad (5ms)
			EditorAssembliesLoaded (0ms)
		ExecutionOrderSort2 (0ms)
		AwakeInstancesAfterBackupRestoration (11ms)
Refreshing native plugins compatible for Editor in 1.01 ms, found 4 plugins.
Preloading 1 native plugins for Editor in 0.03 ms.
Unloading 14 Unused Serialized files (Serialized files now loaded: 0)
Unloading 5929 unused Assets / (4.2 MB). Loaded Objects now: 6718.
Memory consumption went from 167.0 MB to 162.8 MB.
Total: 9.596900 ms (FindLiveObjects: 0.656200 ms CreateObjectMapping: 0.625600 ms MarkObjects: 4.796300 ms  DeleteObjects: 3.517500 ms)

Prepare: number of updated asset objects reloaded= 0
========================================================================
Received Import Request.
  Time since last request: 272.136160 seconds.
  path: Assets/Plugins/Stylized_Pirate_Ship
  artifactKey: Guid(d25af4814f21512479efcddda05ba603) Importer(815301076,1909f56bfc062723c751e8b465ee728b)
Start importing Assets/Plugins/Stylized_Pirate_Ship using Guid(d25af4814f21512479efcddda05ba603) Importer(815301076,1909f56bfc062723c751e8b465ee728b) (PreviewImporter) -> (artifact id: '3698dd33594e9cfa77c7a8e7a7f30127') in 0.0219426 seconds
Number of updated asset objects reloaded before import = 0Number of asset objects unloaded after import = 0

========================================================================
Received Import Request.
  Time since last request: 26.565163 seconds.
  path: Assets/Scenes/SampleScene.unity
  artifactKey: Guid(99c9720ab356a0642a771bea13969a05) Importer(2089858483,3d70f49cd1c2eb9ae422958d1c652c6b)
Start importing Assets/Scenes/SampleScene.unity using Guid(99c9720ab356a0642a771bea13969a05) Importer(2089858483,3d70f49cd1c2eb9ae422958d1c652c6b) (ScriptedImporter)Opening scene 'Assets/Scenes/SampleScene.unity additively'
Loaded scene 'Assets/Scenes/SampleScene.unity'
	Deserialize:            5.411 ms
	Integration:            31.002 ms
	Integration of assets:  0.007 ms
	Thread Wait Time:       0.008 ms
	Total Operation Time:   36.428 ms
 -> (artifact id: '3807ff967638245d8dfada8725920a15') in 0.3552569 seconds
Number of updated asset objects reloaded before import = 0Number of asset objects unloaded after import = 278

========================================================================
Received Import Request.
  Time since last request: 0.000027 seconds.
  path: Assets/Settings/Mobile_RPAsset.asset
  artifactKey: Guid(5e6cbd92db86f4b18aec3ed561671858) Importer(2089858483,3d70f49cd1c2eb9ae422958d1c652c6b)
Start importing Assets/Settings/Mobile_RPAsset.asset using Guid(5e6cbd92db86f4b18aec3ed561671858) Importer(2089858483,3d70f49cd1c2eb9ae422958d1c652c6b) (ScriptedImporter) -> (artifact id: '8683f50b504c550fab744cb32bdb1dd8') in 0.0189306 seconds
Number of updated asset objects reloaded before import = 0Number of asset objects unloaded after import = 1

========================================================================
Received Import Request.
  Time since last request: 0.000054 seconds.
  path: Assets/Plugins/Stylized_Pirate_Ship/StylShip_Pallet.prefab
  artifactKey: Guid(d5f4dcb5d826456449f4bf3ef85b8cbb) Importer(2089858483,3d70f49cd1c2eb9ae422958d1c652c6b)
Start importing Assets/Plugins/Stylized_Pirate_Ship/StylShip_Pallet.prefab using Guid(d5f4dcb5d826456449f4bf3ef85b8cbb) Importer(2089858483,3d70f49cd1c2eb9ae422958d1c652c6b) (ScriptedImporter) -> (artifact id: '5af0739d5159a6892f2fb95b111fcfd5') in 0.0196926 seconds
Number of updated asset objects reloaded before import = 0Number of asset objects unloaded after import = 9

========================================================================
Received Import Request.
  Time since last request: 0.000044 seconds.
  path: Assets/Settings/UniversalRenderPipelineGlobalSettings.asset
  artifactKey: Guid(18dc0cd2c080841dea60987a38ce93fa) Importer(2089858483,3d70f49cd1c2eb9ae422958d1c652c6b)
Start importing Assets/Settings/UniversalRenderPipelineGlobalSettings.asset using Guid(18dc0cd2c080841dea60987a38ce93fa) Importer(2089858483,3d70f49cd1c2eb9ae422958d1c652c6b) (ScriptedImporter) -> (artifact id: 'c9ff21b32de8a8b0c6b12bd3826417f2') in 0.0292576 seconds
Number of updated asset objects reloaded before import = 0Number of asset objects unloaded after import = 0

========================================================================
Received Import Request.
  Time since last request: 0.000047 seconds.
  path: Assets/Plugins/Stylized_Pirate_Ship/StylShip_MatTextures/StylShip_Decks_Mat.mat
  artifactKey: Guid(d1ccdcc60f591ef44a8338c7315ce9eb) Importer(2089858483,192608db42251d675da83286b1cce702)
Start importing Assets/Plugins/Stylized_Pirate_Ship/StylShip_MatTextures/StylShip_Decks_Mat.mat using Guid(d1ccdcc60f591ef44a8338c7315ce9eb) Importer(2089858483,192608db42251d675da83286b1cce702) (ScriptedImporter) -> (artifact id: '2866ebb230e97999dc6986c7c598bbf1') in 0.1725765 seconds
Number of updated asset objects reloaded before import = 0Number of asset objects unloaded after import = 5

========================================================================
Received Import Request.
  Time since last request: 0.000055 seconds.
  path: Assets/Plugins/Stylized_Pirate_Ship/StylShip_MatTextures/StylShip_SailsRope_NormalOpenGL.png
  artifactKey: Guid(3a80cada5f0251d4d936ff2605a71c16) Importer(2089858483,192608db42251d675da83286b1cce702)
Start importing Assets/Plugins/Stylized_Pirate_Ship/StylShip_MatTextures/StylShip_SailsRope_NormalOpenGL.png using Guid(3a80cada5f0251d4d936ff2605a71c16) Importer(2089858483,192608db42251d675da83286b1cce702) (ScriptedImporter) -> (artifact id: 'e6a77692e5a7ffbdfb97d4bf9832a036') in 0.0906617 seconds
Number of updated asset objects reloaded before import = 0Number of asset objects unloaded after import = 1

========================================================================
Received Import Request.
  Time since last request: 0.000060 seconds.
  path: Assets/Plugins/Stylized_Pirate_Ship/StylShip_MatTextures/StylShip_Props_AlbedoTransparency.png
  artifactKey: Guid(7e673f5e2c37e1544a724603264f6eeb) Importer(2089858483,192608db42251d675da83286b1cce702)
Start importing Assets/Plugins/Stylized_Pirate_Ship/StylShip_MatTextures/StylShip_Props_AlbedoTransparency.png using Guid(7e673f5e2c37e1544a724603264f6eeb) Importer(2089858483,192608db42251d675da83286b1cce702) (ScriptedImporter) -> (artifact id: 'bcb756f5efbedcfb7fa6bcd0bb8bf2e7') in 0.0364038 seconds
Number of updated asset objects reloaded before import = 0Number of asset objects unloaded after import = 1

========================================================================
Received Import Request.
  Time since last request: 0.000031 seconds.
  path: Assets/Plugins/Stylized_Pirate_Ship/StylShip_MatTextures/StylShip_Props_NormalOpenGL.png
  artifactKey: Guid(1987b157c4b8c7344b9e5e1a0411c776) Importer(2089858483,192608db42251d675da83286b1cce702)
Start importing Assets/Plugins/Stylized_Pirate_Ship/StylShip_MatTextures/StylShip_Props_NormalOpenGL.png using Guid(1987b157c4b8c7344b9e5e1a0411c776) Importer(2089858483,192608db42251d675da83286b1cce702) (ScriptedImporter) -> (artifact id: 'e157bf4e2acefd94f3d626c126dbe55e') in 0.0342911 seconds
Number of updated asset objects reloaded before import = 0Number of asset objects unloaded after import = 1

========================================================================
Received Import Request.
  Time since last request: 0.000037 seconds.
  path: Assets/Plugins/Stylized_Pirate_Ship/StylShip_MatTextures/StylShip_Elements_MetallicSmoothness.png
  artifactKey: Guid(61309830952249c4cbcaaf1094ea0904) Importer(2089858483,192608db42251d675da83286b1cce702)
Start importing Assets/Plugins/Stylized_Pirate_Ship/StylShip_MatTextures/StylShip_Elements_MetallicSmoothness.png using Guid(61309830952249c4cbcaaf1094ea0904) Importer(2089858483,192608db42251d675da83286b1cce702) (ScriptedImporter) -> (artifact id: 'a45a591c99c587c6b5f596129c471f77') in 0.044308 seconds
Number of updated asset objects reloaded before import = 0Number of asset objects unloaded after import = 1

========================================================================
Received Import Request.
  Time since last request: 0.000048 seconds.
  path: Assets/Plugins/Stylized_Pirate_Ship/StylShip_Scene.unity
  artifactKey: Guid(9fc0d4010bbf28b4594072e72b8655ab) Importer(2089858483,3d70f49cd1c2eb9ae422958d1c652c6b)
Start importing Assets/Plugins/Stylized_Pirate_Ship/StylShip_Scene.unity using Guid(9fc0d4010bbf28b4594072e72b8655ab) Importer(2089858483,3d70f49cd1c2eb9ae422958d1c652c6b) (ScriptedImporter)Opening scene 'Assets/Plugins/Stylized_Pirate_Ship/StylShip_Scene.unity additively'
Loaded scene 'Assets/Plugins/Stylized_Pirate_Ship/StylShip_Scene.unity'
	Deserialize:            1.125 ms
	Integration:            23.361 ms
	Integration of assets:  0.003 ms
	Thread Wait Time:       0.014 ms
	Total Operation Time:   24.502 ms
 -> (artifact id: '5c13923d1974579d54ef21828a6a9ab4') in 0.0909859 seconds
Number of updated asset objects reloaded before import = 0Number of asset objects unloaded after import = 301

========================================================================
Received Import Request.
  Time since last request: 0.000048 seconds.
  path: Assets/Plugins/WaterWorks/Scripts/Water_Volume.cs
  artifactKey: Guid(d1fc12ddd23443b47b1a51403adeb283) Importer(2089858483,192608db42251d675da83286b1cce702)
Start importing Assets/Plugins/WaterWorks/Scripts/Water_Volume.cs using Guid(d1fc12ddd23443b47b1a51403adeb283) Importer(2089858483,192608db42251d675da83286b1cce702) (ScriptedImporter) -> (artifact id: '794ff0effcb99b39907f3cdb1de380a2') in 0.0432531 seconds
Number of updated asset objects reloaded before import = 0Number of asset objects unloaded after import = 0

========================================================================
Received Import Request.
  Time since last request: 0.000056 seconds.
  path: Assets/Plugins/Stylized_Pirate_Ship/StylShip_MatTextures/StylShip_Props_MetallicSmoothness.png
  artifactKey: Guid(facb6773aba1b3b42998e7e447561554) Importer(2089858483,192608db42251d675da83286b1cce702)
Start importing Assets/Plugins/Stylized_Pirate_Ship/StylShip_MatTextures/StylShip_Props_MetallicSmoothness.png using Guid(facb6773aba1b3b42998e7e447561554) Importer(2089858483,192608db42251d675da83286b1cce702) (ScriptedImporter) -> (artifact id: 'd0a5d914bae8da91dcdb8631b1d103b7') in 0.0419593 seconds
Number of updated asset objects reloaded before import = 0Number of asset objects unloaded after import = 1

========================================================================
Received Import Request.
  Time since last request: 0.000058 seconds.
  path: Assets/Settings/Mobile_Renderer.asset
  artifactKey: Guid(65bc7dbf4170f435aa868c779acfb082) Importer(2089858483,3d70f49cd1c2eb9ae422958d1c652c6b)
Start importing Assets/Settings/Mobile_Renderer.asset using Guid(65bc7dbf4170f435aa868c779acfb082) Importer(2089858483,3d70f49cd1c2eb9ae422958d1c652c6b) (ScriptedImporter) -> (artifact id: 'b4fa9cc51dee9ea9f9000d638db2eb0c') in 0.0433707 seconds
Number of updated asset objects reloaded before import = 0Number of asset objects unloaded after import = 0

========================================================================
Received Import Request.
  Time since last request: 0.000042 seconds.
  path: Assets/Plugins/Stylized_Pirate_Ship/StylShip_MatTextures/StylShip_ShipHull_MetallicSmoothness.png
  artifactKey: Guid(dc533af5d6644d442b7454aa70631a4b) Importer(2089858483,192608db42251d675da83286b1cce702)
Start importing Assets/Plugins/Stylized_Pirate_Ship/StylShip_MatTextures/StylShip_ShipHull_MetallicSmoothness.png using Guid(dc533af5d6644d442b7454aa70631a4b) Importer(2089858483,192608db42251d675da83286b1cce702) (ScriptedImporter) -> (artifact id: '323fa83b2c48b028811178eafbab4f9b') in 0.0481834 seconds
Number of updated asset objects reloaded before import = 0Number of asset objects unloaded after import = 1

========================================================================
Received Import Request.
  Time since last request: 0.000059 seconds.
  path: Assets/Settings/DefaultVolumeProfile.asset
  artifactKey: Guid(ab09877e2e707104187f6f83e2f62510) Importer(2089858483,3d70f49cd1c2eb9ae422958d1c652c6b)
Start importing Assets/Settings/DefaultVolumeProfile.asset using Guid(ab09877e2e707104187f6f83e2f62510) Importer(2089858483,3d70f49cd1c2eb9ae422958d1c652c6b) (ScriptedImporter) -> (artifact id: '46f0a360bb730f1be58f3a92c459f276') in 0.022293 seconds
Number of updated asset objects reloaded before import = 0Number of asset objects unloaded after import = 0

========================================================================
Received Import Request.
  Time since last request: 0.000039 seconds.
  path: Assets/Plugins/Stylized_Pirate_Ship/StylShip_MatTextures/StylShip_Elements_Mat.mat
  artifactKey: Guid(b4becca3bb6f34146901e088632de774) Importer(2089858483,192608db42251d675da83286b1cce702)
Start importing Assets/Plugins/Stylized_Pirate_Ship/StylShip_MatTextures/StylShip_Elements_Mat.mat using Guid(b4becca3bb6f34146901e088632de774) Importer(2089858483,192608db42251d675da83286b1cce702) (ScriptedImporter) -> (artifact id: 'acd08566036dce1265382e670af1e146') in 0.0944602 seconds
Number of updated asset objects reloaded before import = 0Number of asset objects unloaded after import = 5

========================================================================
Received Import Request.
  Time since last request: 0.000036 seconds.
  path: Assets/Plugins/Stylized_Pirate_Ship
  artifactKey: Guid(d25af4814f21512479efcddda05ba603) Importer(2089858483,192608db42251d675da83286b1cce702)
Start importing Assets/Plugins/Stylized_Pirate_Ship using Guid(d25af4814f21512479efcddda05ba603) Importer(2089858483,192608db42251d675da83286b1cce702) (ScriptedImporter) -> (artifact id: '0edf1aec43f5a2c835cca00f2119bc6c') in 0.0206638 seconds
Number of updated asset objects reloaded before import = 0Number of asset objects unloaded after import = 1

========================================================================
Received Import Request.
  Time since last request: 0.000037 seconds.
  path: Assets/Plugins/Stylized_Pirate_Ship/StylShip_Cannon.prefab
  artifactKey: Guid(78a33966cc5639b4387c905a99a39d65) Importer(2089858483,192608db42251d675da83286b1cce702)
Start importing Assets/Plugins/Stylized_Pirate_Ship/StylShip_Cannon.prefab using Guid(78a33966cc5639b4387c905a99a39d65) Importer(2089858483,192608db42251d675da83286b1cce702) (ScriptedImporter) -> (artifact id: 'a51cc503170bdb48e889ddeff7064596') in 0.1759623 seconds
Number of updated asset objects reloaded before import = 0Number of asset objects unloaded after import = 8

========================================================================
Received Import Request.
  Time since last request: 0.000032 seconds.
  path: Assets/Settings/SampleSceneProfile.asset
  artifactKey: Guid(10fc4df2da32a41aaa32d77bc913491c) Importer(2089858483,3d70f49cd1c2eb9ae422958d1c652c6b)
Start importing Assets/Settings/SampleSceneProfile.asset using Guid(10fc4df2da32a41aaa32d77bc913491c) Importer(2089858483,3d70f49cd1c2eb9ae422958d1c652c6b) (ScriptedImporter) -> (artifact id: 'c0510e27ecdef336774c3c1d7f89d741') in 0.0175559 seconds
Number of updated asset objects reloaded before import = 0Number of asset objects unloaded after import = 0

========================================================================
Received Import Request.
  Time since last request: 0.000044 seconds.
  path: Assets/Plugins/Stylized_Pirate_Ship/StylShip_MatTextures/StylShip_Decks_MetallicSmoothness.png
  artifactKey: Guid(110e83d84f65b3a44a5cd72a6b86e91d) Importer(2089858483,192608db42251d675da83286b1cce702)
Start importing Assets/Plugins/Stylized_Pirate_Ship/StylShip_MatTextures/StylShip_Decks_MetallicSmoothness.png using Guid(110e83d84f65b3a44a5cd72a6b86e91d) Importer(2089858483,192608db42251d675da83286b1cce702) (ScriptedImporter) -> (artifact id: '184babb6fd15c125a4a46e08073c5efa') in 0.0392561 seconds
Number of updated asset objects reloaded before import = 0Number of asset objects unloaded after import = 1

========================================================================
Received Import Request.
  Time since last request: 0.000029 seconds.
  path: Assets/Plugins/Stylized_Pirate_Ship/StylShip_MatTextures/StylShip_SailsRope_AlbedoTransparency.png
  artifactKey: Guid(02da26af235f53a42902289bdfb1ee6a) Importer(2089858483,192608db42251d675da83286b1cce702)
Start importing Assets/Plugins/Stylized_Pirate_Ship/StylShip_MatTextures/StylShip_SailsRope_AlbedoTransparency.png using Guid(02da26af235f53a42902289bdfb1ee6a) Importer(2089858483,192608db42251d675da83286b1cce702) (ScriptedImporter) -> (artifact id: 'a6b7cec0bc8ff76075369e79dd39e7cf') in 0.0454981 seconds
Number of updated asset objects reloaded before import = 0Number of asset objects unloaded after import = 1

========================================================================
Received Import Request.
  Time since last request: 0.000023 seconds.
  path: Assets/Plugins/Stylized_Pirate_Ship/StylShip_MatTextures/StylShip_Masts_Mat.mat
  artifactKey: Guid(243fa82a1adab5240902fdea0c1ab4e1) Importer(2089858483,192608db42251d675da83286b1cce702)
Start importing Assets/Plugins/Stylized_Pirate_Ship/StylShip_MatTextures/StylShip_Masts_Mat.mat using Guid(243fa82a1adab5240902fdea0c1ab4e1) Importer(2089858483,192608db42251d675da83286b1cce702) (ScriptedImporter) -> (artifact id: 'cb74ce216a9d3beaf011faa5494b84ef') in 0.0518963 seconds
Number of updated asset objects reloaded before import = 0Number of asset objects unloaded after import = 5

========================================================================
Received Import Request.
  Time since last request: 0.000034 seconds.
  path: Assets/Plugins/Stylized_Pirate_Ship/StylShip_MatTextures/StylShip_Elements_AmbientOcclusion.png
  artifactKey: Guid(53f0f326fcf890d4fbfade62f65f590d) Importer(2089858483,192608db42251d675da83286b1cce702)
Start importing Assets/Plugins/Stylized_Pirate_Ship/StylShip_MatTextures/StylShip_Elements_AmbientOcclusion.png using Guid(53f0f326fcf890d4fbfade62f65f590d) Importer(2089858483,192608db42251d675da83286b1cce702) (ScriptedImporter) -> (artifact id: '71cc3fd8f4d5dedcf4812ce0d83b770d') in 0.0602577 seconds
Number of updated asset objects reloaded before import = 0Number of asset objects unloaded after import = 1

========================================================================
Received Import Request.
  Time since last request: 0.000106 seconds.
  path: Assets/Plugins/Stylized_Pirate_Ship/StylShip_Barrel.prefab
  artifactKey: Guid(7cfcb5999e6bea64ba94ad6d0123f2ba) Importer(2089858483,192608db42251d675da83286b1cce702)
Start importing Assets/Plugins/Stylized_Pirate_Ship/StylShip_Barrel.prefab using Guid(7cfcb5999e6bea64ba94ad6d0123f2ba) Importer(2089858483,192608db42251d675da83286b1cce702) (ScriptedImporter) -> (artifact id: '37adb993c9cb0fbbadcf890ec557fab6') in 0.0855185 seconds
Number of updated asset objects reloaded before import = 0Number of asset objects unloaded after import = 8

========================================================================
Received Import Request.
  Time since last request: 0.000027 seconds.
  path: Assets/Plugins/Stylized_Pirate_Ship/StylShip_MatTextures/StylShip_Props_AmbientOcclusion.png
  artifactKey: Guid(5d6d1112ad8e20b48b2c9b574cd4c96f) Importer(2089858483,192608db42251d675da83286b1cce702)
Start importing Assets/Plugins/Stylized_Pirate_Ship/StylShip_MatTextures/StylShip_Props_AmbientOcclusion.png using Guid(5d6d1112ad8e20b48b2c9b574cd4c96f) Importer(2089858483,192608db42251d675da83286b1cce702) (ScriptedImporter) -> (artifact id: '3a5d68415481ef5eb9fc25b61972cd7b') in 0.0566213 seconds
Number of updated asset objects reloaded before import = 0Number of asset objects unloaded after import = 1

========================================================================
Received Import Request.
  Time since last request: 0.000082 seconds.
  path: Assets/Plugins/Stylized_Pirate_Ship/StylShip_MatTextures/StylShip_Elements_NormalOpenGL.png
  artifactKey: Guid(e8c3ef8bf36e6e044a14397b9ac88fed) Importer(2089858483,192608db42251d675da83286b1cce702)
Start importing Assets/Plugins/Stylized_Pirate_Ship/StylShip_MatTextures/StylShip_Elements_NormalOpenGL.png using Guid(e8c3ef8bf36e6e044a14397b9ac88fed) Importer(2089858483,192608db42251d675da83286b1cce702) (ScriptedImporter) -> (artifact id: '2260c7382b46c7c88b1bebb856e84e50') in 0.0354299 seconds
Number of updated asset objects reloaded before import = 0Number of asset objects unloaded after import = 1

========================================================================
Received Import Request.
  Time since last request: 0.000047 seconds.
  path: Assets/Scenes/SampleScene.unity
  artifactKey: Guid(99c9720ab356a0642a771bea13969a05) Importer(2089858483,192608db42251d675da83286b1cce702)
Start importing Assets/Scenes/SampleScene.unity using Guid(99c9720ab356a0642a771bea13969a05) Importer(2089858483,192608db42251d675da83286b1cce702) (ScriptedImporter) -> (artifact id: '7be841c165c2c50ed8fddeb361efb9c1') in 0.0289639 seconds
Number of updated asset objects reloaded before import = 0Number of asset objects unloaded after import = 1

========================================================================
Received Import Request.
  Time since last request: 0.000027 seconds.
  path: Assets/Plugins/Stylized_Pirate_Ship/StylShip_Unity.prefab
  artifactKey: Guid(a1dcd447bfbb3bc45821f8b436c031d2) Importer(2089858483,192608db42251d675da83286b1cce702)
Start importing Assets/Plugins/Stylized_Pirate_Ship/StylShip_Unity.prefab using Guid(a1dcd447bfbb3bc45821f8b436c031d2) Importer(2089858483,192608db42251d675da83286b1cce702) (ScriptedImporter) -> (artifact id: '3d40fda44ea198cbeb02c51fbcca396d') in 0.035984 seconds
Number of updated asset objects reloaded before import = 0Number of asset objects unloaded after import = 262

========================================================================
Received Import Request.
  Time since last request: 0.000036 seconds.
  path: Assets/Plugins/Stylized_Pirate_Ship/StylShip_MatTextures/StylShip_ShipHull_AmbientOcclusion.png
  artifactKey: Guid(203bf98a8199dd84999b47619e17724b) Importer(2089858483,192608db42251d675da83286b1cce702)
Start importing Assets/Plugins/Stylized_Pirate_Ship/StylShip_MatTextures/StylShip_ShipHull_AmbientOcclusion.png using Guid(203bf98a8199dd84999b47619e17724b) Importer(2089858483,192608db42251d675da83286b1cce702) (ScriptedImporter) -> (artifact id: 'd11aa5ecff3a3c3ce7e79489d8dc7330') in 0.0350809 seconds
Number of updated asset objects reloaded before import = 0Number of asset objects unloaded after import = 1

========================================================================
Received Import Request.
  Time since last request: 0.000033 seconds.
  path: Assets/Plugins/Stylized_Pirate_Ship/StylShip_Cannon.prefab
  artifactKey: Guid(78a33966cc5639b4387c905a99a39d65) Importer(2089858483,3d70f49cd1c2eb9ae422958d1c652c6b)
Start importing Assets/Plugins/Stylized_Pirate_Ship/StylShip_Cannon.prefab using Guid(78a33966cc5639b4387c905a99a39d65) Importer(2089858483,3d70f49cd1c2eb9ae422958d1c652c6b) (ScriptedImporter) -> (artifact id: '56d444cd1ab625008eb74db869b66135') in 0.0270474 seconds
Number of updated asset objects reloaded before import = 0Number of asset objects unloaded after import = 9

========================================================================
Received Import Request.
  Time since last request: 0.000049 seconds.
  path: Assets/Settings/PC_Renderer.asset
  artifactKey: Guid(f288ae1f4751b564a96ac7587541f7a2) Importer(2089858483,3d70f49cd1c2eb9ae422958d1c652c6b)
Start importing Assets/Settings/PC_Renderer.asset using Guid(f288ae1f4751b564a96ac7587541f7a2) Importer(2089858483,3d70f49cd1c2eb9ae422958d1c652c6b) (ScriptedImporter) -> (artifact id: 'fe1562dc75fec9685d36ec212f6ece90') in 0.0229416 seconds
Number of updated asset objects reloaded before import = 0Number of asset objects unloaded after import = 0

========================================================================
Received Import Request.
  Time since last request: 0.000047 seconds.
  path: Assets/Plugins/Stylized_Pirate_Ship/StylShip_MatTextures/StylShip_ShipHull_Mat.mat
  artifactKey: Guid(11ee5cc31640def448487aaabfa5800d) Importer(2089858483,192608db42251d675da83286b1cce702)
Start importing Assets/Plugins/Stylized_Pirate_Ship/StylShip_MatTextures/StylShip_ShipHull_Mat.mat using Guid(11ee5cc31640def448487aaabfa5800d) Importer(2089858483,192608db42251d675da83286b1cce702) (ScriptedImporter) -> (artifact id: '1dfd95faf6799d067376ca03eaf1c92d') in 0.0553714 seconds
Number of updated asset objects reloaded before import = 0Number of asset objects unloaded after import = 5

========================================================================
Received Import Request.
  Time since last request: 0.000034 seconds.
  path: Assets/Plugins/Stylized_Pirate_Ship/StylShip_MatTextures/StylShip_SailsRope_Emissive.png
  artifactKey: Guid(bfc13e0bd9539a34e9481f300e26d911) Importer(2089858483,192608db42251d675da83286b1cce702)
Start importing Assets/Plugins/Stylized_Pirate_Ship/StylShip_MatTextures/StylShip_SailsRope_Emissive.png using Guid(bfc13e0bd9539a34e9481f300e26d911) Importer(2089858483,192608db42251d675da83286b1cce702) (ScriptedImporter) -> (artifact id: '6218d2e3a1ffd8ada3b127b310ff0632') in 0.0537414 seconds
Number of updated asset objects reloaded before import = 0Number of asset objects unloaded after import = 1

========================================================================
Received Import Request.
  Time since last request: 0.000038 seconds.
  path: Assets/Plugins/Stylized_Pirate_Ship/StylShip_Box.prefab
  artifactKey: Guid(c05c34cf7415e0c4e98b01a365a21256) Importer(2089858483,192608db42251d675da83286b1cce702)
Start importing Assets/Plugins/Stylized_Pirate_Ship/StylShip_Box.prefab using Guid(c05c34cf7415e0c4e98b01a365a21256) Importer(2089858483,192608db42251d675da83286b1cce702) (ScriptedImporter) -> (artifact id: 'f631a50c646d5774be9ffd6433e29e84') in 0.0913818 seconds
Number of updated asset objects reloaded before import = 0Number of asset objects unloaded after import = 8

========================================================================
Received Import Request.
  Time since last request: 0.000106 seconds.
  path: Assets/Plugins/Stylized_Pirate_Ship/StylShip_MatTextures/StylShip_Masts_MetallicSmoothness.png
  artifactKey: Guid(f1470148ee0919d4fba6794a79dbc5bb) Importer(2089858483,192608db42251d675da83286b1cce702)
Start importing Assets/Plugins/Stylized_Pirate_Ship/StylShip_MatTextures/StylShip_Masts_MetallicSmoothness.png using Guid(f1470148ee0919d4fba6794a79dbc5bb) Importer(2089858483,192608db42251d675da83286b1cce702) (ScriptedImporter) -> (artifact id: 'a8fd0260e448767e1f204d2d2a06310b') in 0.0609725 seconds
Number of updated asset objects reloaded before import = 0Number of asset objects unloaded after import = 1

========================================================================
Received Import Request.
  Time since last request: 0.000034 seconds.
  path: Assets/Plugins/Stylized_Pirate_Ship/StylShip_3dModel
  artifactKey: Guid(55ae9ab2c2d3fc94f8503169b1a950d0) Importer(2089858483,192608db42251d675da83286b1cce702)
Start importing Assets/Plugins/Stylized_Pirate_Ship/StylShip_3dModel using Guid(55ae9ab2c2d3fc94f8503169b1a950d0) Importer(2089858483,192608db42251d675da83286b1cce702) (ScriptedImporter) -> (artifact id: '8fe41736fb511f543ebf1c75b567c37f') in 0.0211858 seconds
Number of updated asset objects reloaded before import = 0Number of asset objects unloaded after import = 1

========================================================================
Received Import Request.
  Time since last request: 0.000029 seconds.
  path: Assets/Plugins/Stylized_Pirate_Ship/StylShip_Scene.unity
  artifactKey: Guid(9fc0d4010bbf28b4594072e72b8655ab) Importer(2089858483,192608db42251d675da83286b1cce702)
Start importing Assets/Plugins/Stylized_Pirate_Ship/StylShip_Scene.unity using Guid(9fc0d4010bbf28b4594072e72b8655ab) Importer(2089858483,192608db42251d675da83286b1cce702) (ScriptedImporter) -> (artifact id: '2094bb90b7e91487212c1c4aaa65433a') in 0.0214826 seconds
Number of updated asset objects reloaded before import = 0Number of asset objects unloaded after import = 1

========================================================================
Received Import Request.
  Time since last request: 0.000053 seconds.
  path: Assets/Plugins/Stylized_Pirate_Ship/StylShip_MatTextures/StylShip_Masts_AmbientOcclusion.png
  artifactKey: Guid(9793c29d278aeb945bb9123be4b9b639) Importer(2089858483,192608db42251d675da83286b1cce702)
Start importing Assets/Plugins/Stylized_Pirate_Ship/StylShip_MatTextures/StylShip_Masts_AmbientOcclusion.png using Guid(9793c29d278aeb945bb9123be4b9b639) Importer(2089858483,192608db42251d675da83286b1cce702) (ScriptedImporter) -> (artifact id: '94e832d439e511b8e63bf9fe0cb01861') in 0.0396057 seconds
Number of updated asset objects reloaded before import = 0Number of asset objects unloaded after import = 1

========================================================================
Received Import Request.
  Time since last request: 0.000047 seconds.
  path: Assets/Plugins/Stylized_Pirate_Ship/StylShip_MatTextures/StylShip_Decks_AlbedoTransparency.png
  artifactKey: Guid(c79e44000f525b143b44b961c3446b53) Importer(2089858483,192608db42251d675da83286b1cce702)
Start importing Assets/Plugins/Stylized_Pirate_Ship/StylShip_MatTextures/StylShip_Decks_AlbedoTransparency.png using Guid(c79e44000f525b143b44b961c3446b53) Importer(2089858483,192608db42251d675da83286b1cce702) (ScriptedImporter) -> (artifact id: 'd8b84fe41093904303315226b5c414bd') in 0.0430008 seconds
Number of updated asset objects reloaded before import = 0Number of asset objects unloaded after import = 1

========================================================================
Received Import Request.
  Time since last request: 0.000037 seconds.
  path: Assets/Plugins/WaterWorks/Water_Plane.prefab
  artifactKey: Guid(6e0965b76baec374d9a8e0c82f9033cb) Importer(2089858483,3d70f49cd1c2eb9ae422958d1c652c6b)
Start importing Assets/Plugins/WaterWorks/Water_Plane.prefab using Guid(6e0965b76baec374d9a8e0c82f9033cb) Importer(2089858483,3d70f49cd1c2eb9ae422958d1c652c6b) (ScriptedImporter) -> (artifact id: 'ad9a5b8b41999d2ef5f38984e42803f3') in 0.041078 seconds
Number of updated asset objects reloaded before import = 0Number of asset objects unloaded after import = 10

========================================================================
Received Import Request.
  Time since last request: 0.000086 seconds.
  path: Assets/Plugins/Stylized_Pirate_Ship/StylShip_MatTextures/StylShip_Masts_AlbedoTransparency.png
  artifactKey: Guid(c5901344ad7bfce4898186d513501d39) Importer(2089858483,192608db42251d675da83286b1cce702)
Start importing Assets/Plugins/Stylized_Pirate_Ship/StylShip_MatTextures/StylShip_Masts_AlbedoTransparency.png using Guid(c5901344ad7bfce4898186d513501d39) Importer(2089858483,192608db42251d675da83286b1cce702) (ScriptedImporter) -> (artifact id: '92ee0152184c026dcaec5e5d0e54eb52') in 0.0587894 seconds
Number of updated asset objects reloaded before import = 0Number of asset objects unloaded after import = 1

========================================================================
Received Import Request.
  Time since last request: 0.000073 seconds.
  path: Assets/Plugins/Stylized_Pirate_Ship/StylShip_MatTextures/StylShip_SailsRope_AmbientOcclusion.png
  artifactKey: Guid(6365d8f3a78ccf0459a546bdd296dae0) Importer(2089858483,192608db42251d675da83286b1cce702)
Start importing Assets/Plugins/Stylized_Pirate_Ship/StylShip_MatTextures/StylShip_SailsRope_AmbientOcclusion.png using Guid(6365d8f3a78ccf0459a546bdd296dae0) Importer(2089858483,192608db42251d675da83286b1cce702) (ScriptedImporter) -> (artifact id: 'c1ed1066b5d0fd6e0296e6366c19dd1a') in 0.0480627 seconds
Number of updated asset objects reloaded before import = 0Number of asset objects unloaded after import = 1

========================================================================
Received Import Request.
  Time since last request: 0.000177 seconds.
  path: Assets/Plugins/Stylized_Pirate_Ship/StylShip_MatTextures/StylShip_ShipHull_AlbedoTransparency.png
  artifactKey: Guid(be619b9abd2ee0446b304d11ea7765ed) Importer(2089858483,192608db42251d675da83286b1cce702)
Start importing Assets/Plugins/Stylized_Pirate_Ship/StylShip_MatTextures/StylShip_ShipHull_AlbedoTransparency.png using Guid(be619b9abd2ee0446b304d11ea7765ed) Importer(2089858483,192608db42251d675da83286b1cce702) (ScriptedImporter) -> (artifact id: '192e57ccffcd34f54bf53ab4704f5efa') in 0.0528798 seconds
Number of updated asset objects reloaded before import = 0Number of asset objects unloaded after import = 1

========================================================================
Received Import Request.
  Time since last request: 0.000028 seconds.
  path: Assets/Plugins/Stylized_Pirate_Ship/StylShip_MatTextures/StylShip_SailsRope_MetallicSmoothness.png
  artifactKey: Guid(0851eb5506348de47a41756f2f4b3a3a) Importer(2089858483,192608db42251d675da83286b1cce702)
Start importing Assets/Plugins/Stylized_Pirate_Ship/StylShip_MatTextures/StylShip_SailsRope_MetallicSmoothness.png using Guid(0851eb5506348de47a41756f2f4b3a3a) Importer(2089858483,192608db42251d675da83286b1cce702) (ScriptedImporter) -> (artifact id: '85623c6cfe691ae1eeb2418dc5050e9e') in 0.0565634 seconds
Number of updated asset objects reloaded before import = 0Number of asset objects unloaded after import = 1

========================================================================
Received Import Request.
  Time since last request: 0.000049 seconds.
  path: Assets/Plugins/Stylized_Pirate_Ship/StylShip_Barrel.prefab
  artifactKey: Guid(7cfcb5999e6bea64ba94ad6d0123f2ba) Importer(2089858483,3d70f49cd1c2eb9ae422958d1c652c6b)
Start importing Assets/Plugins/Stylized_Pirate_Ship/StylShip_Barrel.prefab using Guid(7cfcb5999e6bea64ba94ad6d0123f2ba) Importer(2089858483,3d70f49cd1c2eb9ae422958d1c652c6b) (ScriptedImporter) -> (artifact id: '8fff91d2b34205d7b31eba60bfe11e0b') in 0.0185651 seconds
Number of updated asset objects reloaded before import = 0Number of asset objects unloaded after import = 9

========================================================================
Received Import Request.
  Time since last request: 0.000107 seconds.
  path: Assets/Plugins/Stylized_Pirate_Ship/StylShip_3dModel/StylShip_Unity.fbx
  artifactKey: Guid(4fe7ec1d555ab494d836addf3c4b2c0f) Importer(2089858483,192608db42251d675da83286b1cce702)
Start importing Assets/Plugins/Stylized_Pirate_Ship/StylShip_3dModel/StylShip_Unity.fbx using Guid(4fe7ec1d555ab494d836addf3c4b2c0f) Importer(2089858483,192608db42251d675da83286b1cce702) (ScriptedImporter) -> (artifact id: 'fc753d20d8fdc71a8633add5371e0ee6') in 0.375098 seconds
Number of updated asset objects reloaded before import = 0Number of asset objects unloaded after import = 245

========================================================================
Received Import Request.
  Time since last request: 0.000050 seconds.
  path: Assets/Plugins/Stylized_Pirate_Ship/StylShip_Pallet.prefab
  artifactKey: Guid(d5f4dcb5d826456449f4bf3ef85b8cbb) Importer(2089858483,192608db42251d675da83286b1cce702)
Start importing Assets/Plugins/Stylized_Pirate_Ship/StylShip_Pallet.prefab using Guid(d5f4dcb5d826456449f4bf3ef85b8cbb) Importer(2089858483,192608db42251d675da83286b1cce702) (ScriptedImporter) -> (artifact id: '14b7068fb87d1d8c677a5a2ef895c858') in 0.0291292 seconds
Number of updated asset objects reloaded before import = 0Number of asset objects unloaded after import = 8

========================================================================
Received Import Request.
  Time since last request: 0.000100 seconds.
  path: Assets/Settings/PC_RPAsset.asset
  artifactKey: Guid(4b83569d67af61e458304325a23e5dfd) Importer(2089858483,3d70f49cd1c2eb9ae422958d1c652c6b)
Start importing Assets/Settings/PC_RPAsset.asset using Guid(4b83569d67af61e458304325a23e5dfd) Importer(2089858483,3d70f49cd1c2eb9ae422958d1c652c6b) (ScriptedImporter) -> (artifact id: '52ba3df51cd5a2b25096e46571efb15b') in 0.0183068 seconds
Number of updated asset objects reloaded before import = 0Number of asset objects unloaded after import = 0

========================================================================
Received Import Request.
  Time since last request: 0.000030 seconds.
  path: Assets/Plugins/Stylized_Pirate_Ship/StylShip_MatTextures/StylShip_Masts_NormalOpenGL.png
  artifactKey: Guid(7e7ed80de04681047906e23ab6f9920f) Importer(2089858483,192608db42251d675da83286b1cce702)
Start importing Assets/Plugins/Stylized_Pirate_Ship/StylShip_MatTextures/StylShip_Masts_NormalOpenGL.png using Guid(7e7ed80de04681047906e23ab6f9920f) Importer(2089858483,192608db42251d675da83286b1cce702) (ScriptedImporter) -> (artifact id: '6e78132a8ef6aa980e853a52cd5f7496') in 0.0445091 seconds
Number of updated asset objects reloaded before import = 0Number of asset objects unloaded after import = 1

========================================================================
Received Import Request.
  Time since last request: 0.000026 seconds.
  path: Assets/Plugins/Stylized_Pirate_Ship/StylShip_MatTextures/StylShip_Props_Mat.mat
  artifactKey: Guid(a8ef3b2284aa46146a6f70f9215ff6b6) Importer(2089858483,192608db42251d675da83286b1cce702)
Start importing Assets/Plugins/Stylized_Pirate_Ship/StylShip_MatTextures/StylShip_Props_Mat.mat using Guid(a8ef3b2284aa46146a6f70f9215ff6b6) Importer(2089858483,192608db42251d675da83286b1cce702) (ScriptedImporter) -> (artifact id: '1f56ee72358673ba8c970e1984cd2b8d') in 0.0455441 seconds
Number of updated asset objects reloaded before import = 0Number of asset objects unloaded after import = 5

========================================================================
Received Import Request.
  Time since last request: 0.000046 seconds.
  path: Assets/Plugins/Stylized_Pirate_Ship/StylShip_Unity.prefab
  artifactKey: Guid(a1dcd447bfbb3bc45821f8b436c031d2) Importer(2089858483,3d70f49cd1c2eb9ae422958d1c652c6b)
Start importing Assets/Plugins/Stylized_Pirate_Ship/StylShip_Unity.prefab using Guid(a1dcd447bfbb3bc45821f8b436c031d2) Importer(2089858483,3d70f49cd1c2eb9ae422958d1c652c6b) (ScriptedImporter) -> (artifact id: '7b91cf37a47f5d9d1e6eaf18eb3d3a77') in 0.0547005 seconds
Number of updated asset objects reloaded before import = 0Number of asset objects unloaded after import = 267

========================================================================
Received Import Request.
  Time since last request: 0.000033 seconds.
  path: Assets/Plugins/Stylized_Pirate_Ship/StylShip_MatTextures/StylShip_ShipHull_NormalOpenGL.png
  artifactKey: Guid(db91936847967464dad55e2292f0b63b) Importer(2089858483,192608db42251d675da83286b1cce702)
Start importing Assets/Plugins/Stylized_Pirate_Ship/StylShip_MatTextures/StylShip_ShipHull_NormalOpenGL.png using Guid(db91936847967464dad55e2292f0b63b) Importer(2089858483,192608db42251d675da83286b1cce702) (ScriptedImporter) -> (artifact id: '086940ebfbbc744f5d025ad1996be608') in 0.0375257 seconds
Number of updated asset objects reloaded before import = 0Number of asset objects unloaded after import = 1

========================================================================
Received Import Request.
  Time since last request: 0.000028 seconds.
  path: Assets/Plugins/Stylized_Pirate_Ship/StylShip_MatTextures
  artifactKey: Guid(ddda3fc5d9c57ad43b0064fd3a39267b) Importer(2089858483,192608db42251d675da83286b1cce702)
Start importing Assets/Plugins/Stylized_Pirate_Ship/StylShip_MatTextures using Guid(ddda3fc5d9c57ad43b0064fd3a39267b) Importer(2089858483,192608db42251d675da83286b1cce702) (ScriptedImporter) -> (artifact id: '9df7ac5d85999d72dfff264b4f4794c2') in 0.0227494 seconds
Number of updated asset objects reloaded before import = 0Number of asset objects unloaded after import = 1

========================================================================
Received Import Request.
  Time since last request: 0.000050 seconds.
  path: Assets/Plugins/Stylized_Pirate_Ship/StylShip_MatTextures/StylShip_Elements_AlbedoTransparency.png
  artifactKey: Guid(0da8d2e48aaea5743abc80c7afade36a) Importer(2089858483,192608db42251d675da83286b1cce702)
Start importing Assets/Plugins/Stylized_Pirate_Ship/StylShip_MatTextures/StylShip_Elements_AlbedoTransparency.png using Guid(0da8d2e48aaea5743abc80c7afade36a) Importer(2089858483,192608db42251d675da83286b1cce702) (ScriptedImporter) -> (artifact id: 'a74b163c4b42f9eeffab7f43a5ea513c') in 0.0416523 seconds
Number of updated asset objects reloaded before import = 0Number of asset objects unloaded after import = 1

========================================================================
Received Import Request.
  Time since last request: 0.000119 seconds.
  path: Assets/Plugins/Stylized_Pirate_Ship/StylShip_Box.prefab
  artifactKey: Guid(c05c34cf7415e0c4e98b01a365a21256) Importer(2089858483,3d70f49cd1c2eb9ae422958d1c652c6b)
Start importing Assets/Plugins/Stylized_Pirate_Ship/StylShip_Box.prefab using Guid(c05c34cf7415e0c4e98b01a365a21256) Importer(2089858483,3d70f49cd1c2eb9ae422958d1c652c6b) (ScriptedImporter) -> (artifact id: 'e696fc1f61b164cc8a786cad920a5b34') in 0.0217297 seconds
Number of updated asset objects reloaded before import = 0Number of asset objects unloaded after import = 9

========================================================================
Received Import Request.
  Time since last request: 0.000052 seconds.
  path: Assets/Plugins/Stylized_Pirate_Ship/StylShip_MatTextures/StylShip_SailsRope_Mat.mat
  artifactKey: Guid(286a021d404ed204f8d67a6317bc289e) Importer(2089858483,192608db42251d675da83286b1cce702)
Start importing Assets/Plugins/Stylized_Pirate_Ship/StylShip_MatTextures/StylShip_SailsRope_Mat.mat using Guid(286a021d404ed204f8d67a6317bc289e) Importer(2089858483,192608db42251d675da83286b1cce702) (ScriptedImporter) -> (artifact id: 'b1f5803125fb0fce2d860158c18c7529') in 0.0660391 seconds
Number of updated asset objects reloaded before import = 0Number of asset objects unloaded after import = 6

========================================================================
Received Import Request.
  Time since last request: 0.000036 seconds.
  path: Assets/Plugins/Stylized_Pirate_Ship/StylShip_MatTextures/StylShip_Decks_NormalOpenGL.png
  artifactKey: Guid(012c250c89873984e898ac1180fd014c) Importer(2089858483,192608db42251d675da83286b1cce702)
Start importing Assets/Plugins/Stylized_Pirate_Ship/StylShip_MatTextures/StylShip_Decks_NormalOpenGL.png using Guid(012c250c89873984e898ac1180fd014c) Importer(2089858483,192608db42251d675da83286b1cce702) (ScriptedImporter) -> (artifact id: '2360c6e68c525b15a6d67115676635af') in 0.0364449 seconds
Number of updated asset objects reloaded before import = 0Number of asset objects unloaded after import = 1

========================================================================
Received Import Request.
  Time since last request: 0.000031 seconds.
  path: Assets/Plugins/Stylized_Pirate_Ship/StylShip_MatTextures/StylShip_Decks_AmbientOcclusion.png
  artifactKey: Guid(0f93befbe8c87a744a60fb4d7662e0fb) Importer(2089858483,192608db42251d675da83286b1cce702)
Start importing Assets/Plugins/Stylized_Pirate_Ship/StylShip_MatTextures/StylShip_Decks_AmbientOcclusion.png using Guid(0f93befbe8c87a744a60fb4d7662e0fb) Importer(2089858483,192608db42251d675da83286b1cce702) (ScriptedImporter) -> (artifact id: 'e295cbe82128f2652d4c910ebe464f2d') in 0.0381434 seconds
Number of updated asset objects reloaded before import = 0Number of asset objects unloaded after import = 1

Editor requested this worker to shutdown with reason: balancing worker count downwards
AssetImportWorkerClient::OnTransportError - code=2 error=End of file
AssetImportWorker is now disconnected from the server
Process exiting
Exiting without the bug reporter. Application will terminate with return code 0